<?xml version="1.0" encoding="UTF-8"?>
<!-- Generated by org.testng.reporters.JUnitReportReporter -->
<testsuite skipped="0" hostname="admin-PC" name="TestMethod" tests="1" failures="0" timestamp="02 Apr 2019 19:16:44 GMT" time="16.931" errors="0">
  <testcase name="welcomePage_shouldLookGood_onDesktopDevice" time="16.931" classname="TestMethod"/>
</testsuite> <!-- TestMethod -->
