<?xml version="1.0" encoding="UTF-8"?>
<!-- Generated by org.testng.reporters.JUnitReportReporter -->
<testsuite skipped="0" hostname="admin-PC" name="ChromeTC" tests="1" failures="0" timestamp="08 Apr 2019 20:12:01 GMT" time="15.078" errors="0">
  <testcase name="welcomePage_shouldLookGood_onDesktopDevice" time="15.078" classname="ChromeTC"/>
</testsuite> <!-- ChromeTC -->
