<?xml version="1.0" encoding="UTF-8"?>
<!-- Generated by org.testng.reporters.JUnitReportReporter -->
<testsuite skipped="0" hostname="admin-PC" name="FireFoxTC" tests="1" failures="0" timestamp="08 Apr 2019 20:12:01 GMT" time="25.431" errors="0">
  <testcase name="welcomePage_shouldLookGood_onDesktopDevice" time="25.431" classname="FireFoxTC"/>
</testsuite> <!-- FireFoxTC -->
