<?xml version="1.0" encoding="UTF-8"?>
<!-- Generated by org.testng.reporters.JUnitReportReporter -->
<testsuite skipped="0" hostname="admin-PC" name="TestMethod" tests="1" failures="0" timestamp="08 Apr 2019 19:59:17 GMT" time="11.745" errors="0">
  <testcase name="welcomePage_shouldLookGood_onDesktopDevice" time="11.745" classname="TestMethod"/>
</testsuite> <!-- TestMethod -->
