<?xml version="1.0" encoding="UTF-8"?>
<!-- Generated by org.testng.reporters.JUnitReportReporter -->
<testsuite skipped="0" hostname="admin-PC" name="ChromeTC" tests="1" failures="0" timestamp="09 Apr 2019 19:43:48 GMT" time="16.758" errors="0">
  <testcase name="welcomePage_shouldLookGood_onDesktopDevice" time="16.758" classname="ChromeTC"/>
</testsuite> <!-- ChromeTC -->
