<?xml version="1.0" encoding="UTF-8"?>
<testsuite xmlns:xsi="http://www.w3.org/2001/XMLSchema-instance" xsi:noNamespaceSchemaLocation="https://maven.apache.org/surefire/maven-surefire-plugin/xsd/surefire-test-report-3.0.xsd" version="3.0" name="TestMethod" time="8.582" tests="1" errors="0" skipped="0" failures="1">
  <properties>
    <property name="sun.desktop" value="windows"/>
    <property name="awt.toolkit" value="sun.awt.windows.WToolkit"/>
    <property name="file.encoding.pkg" value="sun.io"/>
    <property name="java.specification.version" value="1.8"/>
    <property name="sun.cpu.isalist" value="pentium_pro+mmx pentium_pro pentium+mmx pentium i486 i386 i86"/>
    <property name="sun.jnu.encoding" value="Cp1252"/>
    <property name="java.class.path" value="C:\GITRepo\BCTF\target\test-classes;C:\GITRepo\BCTF\target\classes;C:\Users\admin\.m2\repository\com\fasterxml\jackson\core\jackson-databind\2.1.2\jackson-databind-2.1.2.jar;C:\Users\admin\.m2\repository\com\fasterxml\jackson\core\jackson-annotations\2.1.1\jackson-annotations-2.1.1.jar;C:\Users\admin\.m2\repository\com\fasterxml\jackson\core\jackson-core\2.1.1\jackson-core-2.1.1.jar;C:\Users\admin\.m2\repository\com\google\guava\guava\23.0\guava-23.0.jar;C:\Users\admin\.m2\repository\com\google\code\findbugs\jsr305\1.3.9\jsr305-1.3.9.jar;C:\Users\admin\.m2\repository\com\google\errorprone\error_prone_annotations\2.0.18\error_prone_annotations-2.0.18.jar;C:\Users\admin\.m2\repository\com\google\j2objc\j2objc-annotations\1.1\j2objc-annotations-1.1.jar;C:\Users\admin\.m2\repository\org\codehaus\mojo\animal-sniffer-annotations\1.14\animal-sniffer-annotations-1.14.jar;C:\Users\admin\.m2\repository\org\testng\testng\6.8\testng-6.8.jar;C:\Users\admin\.m2\repository\junit\junit\4.10\junit-4.10.jar;C:\Users\admin\.m2\repository\org\hamcrest\hamcrest-core\1.1\hamcrest-core-1.1.jar;C:\Users\admin\.m2\repository\org\beanshell\bsh\2.0b4\bsh-2.0b4.jar;C:\Users\admin\.m2\repository\com\beust\jcommander\1.27\jcommander-1.27.jar;C:\Users\admin\.m2\repository\org\yaml\snakeyaml\1.6\snakeyaml-1.6.jar;C:\Users\admin\.m2\repository\com\galenframework\galen-java-support\2.0.3\galen-java-support-2.0.3.jar;C:\Users\admin\.m2\repository\com\galenframework\galen-rainbow4j\2.0.3\galen-rainbow4j-2.0.3.jar;C:\Users\admin\.m2\repository\org\apache\commons\commons-lang3\3.0.1\commons-lang3-3.0.1.jar;C:\Users\admin\.m2\repository\com\galenframework\galen-core\2.0.3\galen-core-2.0.3.jar;C:\Users\admin\.m2\repository\org\slf4j\slf4j-simple\1.7.10\slf4j-simple-1.7.10.jar;C:\Users\admin\.m2\repository\commons-io\commons-io\2.4\commons-io-2.4.jar;C:\Users\admin\.m2\repository\com\google\code\gson\gson\2.3\gson-2.3.jar;C:\Users\admin\.m2\repository\commons-cli\commons-cli\1.2\commons-cli-1.2.jar;C:\Users\admin\.m2\repository\org\freemarker\freemarker\2.3.19\freemarker-2.3.19.jar;C:\Users\admin\.m2\repository\org\mozilla\rhino\1.7R5\rhino-1.7R5.jar;C:\Users\admin\.m2\repository\com\codeborne\phantomjsdriver\1.2.1\phantomjsdriver-1.2.1.jar;C:\Users\admin\.m2\repository\org\powermock\powermock-reflect\1.5.3\powermock-reflect-1.5.3.jar;C:\Users\admin\.m2\repository\org\objenesis\objenesis\2.1\objenesis-2.1.jar;C:\Users\admin\.m2\repository\org\slf4j\slf4j-api\1.7.10\slf4j-api-1.7.10.jar;C:\Users\admin\.m2\repository\org\seleniumhq\selenium\selenium-java\3.141.59\selenium-java-3.141.59.jar;C:\Users\admin\.m2\repository\org\seleniumhq\selenium\selenium-api\3.141.59\selenium-api-3.141.59.jar;C:\Users\admin\.m2\repository\org\seleniumhq\selenium\selenium-chrome-driver\3.141.59\selenium-chrome-driver-3.141.59.jar;C:\Users\admin\.m2\repository\org\seleniumhq\selenium\selenium-edge-driver\3.141.59\selenium-edge-driver-3.141.59.jar;C:\Users\admin\.m2\repository\org\seleniumhq\selenium\selenium-firefox-driver\3.141.59\selenium-firefox-driver-3.141.59.jar;C:\Users\admin\.m2\repository\org\seleniumhq\selenium\selenium-ie-driver\3.141.59\selenium-ie-driver-3.141.59.jar;C:\Users\admin\.m2\repository\org\seleniumhq\selenium\selenium-opera-driver\3.141.59\selenium-opera-driver-3.141.59.jar;C:\Users\admin\.m2\repository\org\seleniumhq\selenium\selenium-remote-driver\3.141.59\selenium-remote-driver-3.141.59.jar;C:\Users\admin\.m2\repository\org\seleniumhq\selenium\selenium-safari-driver\3.141.59\selenium-safari-driver-3.141.59.jar;C:\Users\admin\.m2\repository\org\seleniumhq\selenium\selenium-support\3.141.59\selenium-support-3.141.59.jar;C:\Users\admin\.m2\repository\net\bytebuddy\byte-buddy\1.8.15\byte-buddy-1.8.15.jar;C:\Users\admin\.m2\repository\org\apache\commons\commons-exec\1.3\commons-exec-1.3.jar;C:\Users\admin\.m2\repository\com\squareup\okhttp3\okhttp\3.11.0\okhttp-3.11.0.jar;C:\Users\admin\.m2\repository\com\squareup\okio\okio\1.14.0\okio-1.14.0.jar;"/>
    <property name="java.vm.vendor" value="Oracle Corporation"/>
    <property name="sun.arch.data.model" value="32"/>
    <property name="user.variant" value=""/>
    <property name="java.vendor.url" value="http://java.oracle.com/"/>
    <property name="user.timezone" value="Asia/Calcutta"/>
    <property name="java.vm.specification.version" value="1.8"/>
    <property name="os.name" value="Windows 7"/>
    <property name="user.country" value="US"/>
    <property name="sun.java.launcher" value="SUN_STANDARD"/>
    <property name="sun.boot.library.path" value="C:\Program Files\Java\jdk1.8.0_171\jre\bin"/>
    <property name="sun.java.command" value="C:\Users\admin\AppData\Local\Temp\surefire2644618256231573398\surefirebooter8845154038237364129.jar C:\Users\admin\AppData\Local\Temp\surefire2644618256231573398 2019-04-03T00-13-35_308-jvmRun1 surefire3038265879928607820tmp surefire_0596658490166825084tmp"/>
    <property name="surefire.test.class.path" value="C:\GITRepo\BCTF\target\test-classes;C:\GITRepo\BCTF\target\classes;C:\Users\admin\.m2\repository\com\fasterxml\jackson\core\jackson-databind\2.1.2\jackson-databind-2.1.2.jar;C:\Users\admin\.m2\repository\com\fasterxml\jackson\core\jackson-annotations\2.1.1\jackson-annotations-2.1.1.jar;C:\Users\admin\.m2\repository\com\fasterxml\jackson\core\jackson-core\2.1.1\jackson-core-2.1.1.jar;C:\Users\admin\.m2\repository\com\google\guava\guava\23.0\guava-23.0.jar;C:\Users\admin\.m2\repository\com\google\code\findbugs\jsr305\1.3.9\jsr305-1.3.9.jar;C:\Users\admin\.m2\repository\com\google\errorprone\error_prone_annotations\2.0.18\error_prone_annotations-2.0.18.jar;C:\Users\admin\.m2\repository\com\google\j2objc\j2objc-annotations\1.1\j2objc-annotations-1.1.jar;C:\Users\admin\.m2\repository\org\codehaus\mojo\animal-sniffer-annotations\1.14\animal-sniffer-annotations-1.14.jar;C:\Users\admin\.m2\repository\org\testng\testng\6.8\testng-6.8.jar;C:\Users\admin\.m2\repository\junit\junit\4.10\junit-4.10.jar;C:\Users\admin\.m2\repository\org\hamcrest\hamcrest-core\1.1\hamcrest-core-1.1.jar;C:\Users\admin\.m2\repository\org\beanshell\bsh\2.0b4\bsh-2.0b4.jar;C:\Users\admin\.m2\repository\com\beust\jcommander\1.27\jcommander-1.27.jar;C:\Users\admin\.m2\repository\org\yaml\snakeyaml\1.6\snakeyaml-1.6.jar;C:\Users\admin\.m2\repository\com\galenframework\galen-java-support\2.0.3\galen-java-support-2.0.3.jar;C:\Users\admin\.m2\repository\com\galenframework\galen-rainbow4j\2.0.3\galen-rainbow4j-2.0.3.jar;C:\Users\admin\.m2\repository\org\apache\commons\commons-lang3\3.0.1\commons-lang3-3.0.1.jar;C:\Users\admin\.m2\repository\com\galenframework\galen-core\2.0.3\galen-core-2.0.3.jar;C:\Users\admin\.m2\repository\org\slf4j\slf4j-simple\1.7.10\slf4j-simple-1.7.10.jar;C:\Users\admin\.m2\repository\commons-io\commons-io\2.4\commons-io-2.4.jar;C:\Users\admin\.m2\repository\com\google\code\gson\gson\2.3\gson-2.3.jar;C:\Users\admin\.m2\repository\commons-cli\commons-cli\1.2\commons-cli-1.2.jar;C:\Users\admin\.m2\repository\org\freemarker\freemarker\2.3.19\freemarker-2.3.19.jar;C:\Users\admin\.m2\repository\org\mozilla\rhino\1.7R5\rhino-1.7R5.jar;C:\Users\admin\.m2\repository\com\codeborne\phantomjsdriver\1.2.1\phantomjsdriver-1.2.1.jar;C:\Users\admin\.m2\repository\org\powermock\powermock-reflect\1.5.3\powermock-reflect-1.5.3.jar;C:\Users\admin\.m2\repository\org\objenesis\objenesis\2.1\objenesis-2.1.jar;C:\Users\admin\.m2\repository\org\slf4j\slf4j-api\1.7.10\slf4j-api-1.7.10.jar;C:\Users\admin\.m2\repository\org\seleniumhq\selenium\selenium-java\3.141.59\selenium-java-3.141.59.jar;C:\Users\admin\.m2\repository\org\seleniumhq\selenium\selenium-api\3.141.59\selenium-api-3.141.59.jar;C:\Users\admin\.m2\repository\org\seleniumhq\selenium\selenium-chrome-driver\3.141.59\selenium-chrome-driver-3.141.59.jar;C:\Users\admin\.m2\repository\org\seleniumhq\selenium\selenium-edge-driver\3.141.59\selenium-edge-driver-3.141.59.jar;C:\Users\admin\.m2\repository\org\seleniumhq\selenium\selenium-firefox-driver\3.141.59\selenium-firefox-driver-3.141.59.jar;C:\Users\admin\.m2\repository\org\seleniumhq\selenium\selenium-ie-driver\3.141.59\selenium-ie-driver-3.141.59.jar;C:\Users\admin\.m2\repository\org\seleniumhq\selenium\selenium-opera-driver\3.141.59\selenium-opera-driver-3.141.59.jar;C:\Users\admin\.m2\repository\org\seleniumhq\selenium\selenium-remote-driver\3.141.59\selenium-remote-driver-3.141.59.jar;C:\Users\admin\.m2\repository\org\seleniumhq\selenium\selenium-safari-driver\3.141.59\selenium-safari-driver-3.141.59.jar;C:\Users\admin\.m2\repository\org\seleniumhq\selenium\selenium-support\3.141.59\selenium-support-3.141.59.jar;C:\Users\admin\.m2\repository\net\bytebuddy\byte-buddy\1.8.15\byte-buddy-1.8.15.jar;C:\Users\admin\.m2\repository\org\apache\commons\commons-exec\1.3\commons-exec-1.3.jar;C:\Users\admin\.m2\repository\com\squareup\okhttp3\okhttp\3.11.0\okhttp-3.11.0.jar;C:\Users\admin\.m2\repository\com\squareup\okio\okio\1.14.0\okio-1.14.0.jar;"/>
    <property name="sun.cpu.endian" value="little"/>
    <property name="user.home" value="C:\Users\admin"/>
    <property name="user.language" value="en"/>
    <property name="java.specification.vendor" value="Oracle Corporation"/>
    <property name="java.home" value="C:\Program Files\Java\jdk1.8.0_171\jre"/>
    <property name="basedir" value="C:\GITRepo\BCTF"/>
    <property name="file.separator" value="\"/>
    <property name="line.separator" value="&#10;"/>
    <property name="java.vm.specification.vendor" value="Oracle Corporation"/>
    <property name="java.specification.name" value="Java Platform API Specification"/>
    <property name="java.awt.graphicsenv" value="sun.awt.Win32GraphicsEnvironment"/>
    <property name="surefire.real.class.path" value="C:\Users\admin\AppData\Local\Temp\surefire2644618256231573398\surefirebooter8845154038237364129.jar"/>
    <property name="sun.boot.class.path" value="C:\Program Files\Java\jdk1.8.0_171\jre\lib\resources.jar;C:\Program Files\Java\jdk1.8.0_171\jre\lib\rt.jar;C:\Program Files\Java\jdk1.8.0_171\jre\lib\sunrsasign.jar;C:\Program Files\Java\jdk1.8.0_171\jre\lib\jsse.jar;C:\Program Files\Java\jdk1.8.0_171\jre\lib\jce.jar;C:\Program Files\Java\jdk1.8.0_171\jre\lib\charsets.jar;C:\Program Files\Java\jdk1.8.0_171\jre\lib\jfr.jar;C:\Program Files\Java\jdk1.8.0_171\jre\classes"/>
    <property name="user.script" value=""/>
    <property name="sun.management.compiler" value="HotSpot Client Compiler"/>
    <property name="java.runtime.version" value="1.8.0_171-b11"/>
    <property name="user.name" value="admin"/>
    <property name="path.separator" value=";"/>
    <property name="os.version" value="6.1"/>
    <property name="java.endorsed.dirs" value="C:\Program Files\Java\jdk1.8.0_171\jre\lib\endorsed"/>
    <property name="java.runtime.name" value="Java(TM) SE Runtime Environment"/>
    <property name="file.encoding" value="Cp1252"/>
    <property name="java.vm.name" value="Java HotSpot(TM) Client VM"/>
    <property name="localRepository" value="C:\Users\admin\.m2\repository"/>
    <property name="java.vendor.url.bug" value="http://bugreport.sun.com/bugreport/"/>
    <property name="java.io.tmpdir" value="C:\Users\admin\AppData\Local\Temp\"/>
    <property name="java.version" value="1.8.0_171"/>
    <property name="user.dir" value="C:\GITRepo\BCTF"/>
    <property name="os.arch" value="x86"/>
    <property name="java.vm.specification.name" value="Java Virtual Machine Specification"/>
    <property name="java.awt.printerjob" value="sun.awt.windows.WPrinterJob"/>
    <property name="sun.os.patch.level" value="Service Pack 1"/>
    <property name="java.library.path" value="C:\Program Files\Java\jdk1.8.0_171\jre\bin;C:\Windows\Sun\Java\bin;C:\Windows\system32;C:\Windows;C:/Program Files/Java/jdk1.8.0_171/bin/../jre/bin/client;C:/Program Files/Java/jdk1.8.0_171/bin/../jre/bin;C:/Program Files/Java/jdk1.8.0_171/bin/../jre/lib/i386;C:\Tools\galen-bin-2.4.4;C:\Program Files\Java\jdk1.8.0_171\bin;C:\Tools\apache-maven-3.6.0\bin;C:\Tools\eclipse;;."/>
    <property name="java.vm.info" value="mixed mode"/>
    <property name="java.vendor" value="Oracle Corporation"/>
    <property name="java.vm.version" value="25.171-b11"/>
    <property name="java.ext.dirs" value="C:\Program Files\Java\jdk1.8.0_171\jre\lib\ext;C:\Windows\Sun\Java\lib\ext"/>
    <property name="sun.io.unicode.encoding" value="UnicodeLittle"/>
    <property name="java.class.version" value="52.0"/>
  </properties>
  <testcase name="welcomePage_shouldLookGood_onDesktopDevice" classname="TestMethod" time="3.105">
    <failure message="Incorrect layout: Check layout C:/GITRepo/BCTF/specs/homepage.spec" type="java.lang.RuntimeException">java.lang.RuntimeException: Incorrect layout: Check layout C:/GITRepo/BCTF/specs/homepage.spec
	at TestMethod.welcomePage_shouldLookGood_onDesktopDevice(TestMethod.java:39)
</failure>
    <system-err><![CDATA[Starting ChromeDriver 2.40.565498 (ea082db3280dd6843ebfb08a625e3eb905c4f5ab) on port 40246
Only local connections are allowed.
Apr 03, 2019 12:13:41 AM org.openqa.selenium.remote.ProtocolHandshake createSession
INFO: Detected dialect: OSS
]]></system-err>
  </testcase>
</testsuite>